"../../../Engine/Content/EditorBlueprintResources/StandardMacros.uasset" 0
"../../../Engine/Content/EngineSky/C_Sky_Cloud_Color.uasset" 1
"../../../Engine/Content/EngineSky/C_Sky_Horizon_Color.uasset" 2
"../../../Engine/Content/EngineSky/C_Sky_Zenith_Color.uasset" 3
"../../../Engine/Content/EngineSky/T_Sky_Blue.uasset" 4
"../../../Engine/Content/EngineSky/T_Sky_Clouds_M.uasset" 5
"../../../Engine/Content/EngineSky/T_Sky_Stars.uasset" 6
"../../../Engine/Content/EngineSky/M_Sky_Panning_Clouds2.uasset" 7
"../../../Engine/Content/EngineSky/SM_SkySphere.uasset" 8
"../../../Engine/Content/EngineSky/BP_Sky_Sphere.uasset" 9
"E:/ouczbs/jianshu/EpicSurvivalGameSeries/SurvivalGame/Content/AI/Zombie/UE4_Mannequin_Skeleton.uasset" 10
"E:/ouczbs/jianshu/EpicSurvivalGameSeries/SurvivalGame/Content/AI/Zombie/Animations/ThirdPersonJump_End.uasset" 11
"E:/ouczbs/jianshu/EpicSurvivalGameSeries/SurvivalGame/Content/AI/Zombie/Animations/ThirdPersonJump_Loop.uasset" 12
"E:/ouczbs/jianshu/EpicSurvivalGameSeries/SurvivalGame/Content/AI/Zombie/Animations/ThirdPersonJump_Start.uasset" 13
"E:/ouczbs/jianshu/EpicSurvivalGameSeries/SurvivalGame/Content/AI/Zombie/Animations/ThirdPersonIdle.uasset" 14
"E:/ouczbs/jianshu/EpicSurvivalGameSeries/SurvivalGame/Content/AI/Zombie/Animations/ThirdPersonRun.uasset" 15
"E:/ouczbs/jianshu/EpicSurvivalGameSeries/SurvivalGame/Content/AI/Zombie/Animations/ThirdPersonWalk.uasset" 16
"E:/ouczbs/jianshu/EpicSurvivalGameSeries/SurvivalGame/Content/AI/Zombie/Animations/ThirdPersonIdleRun.uasset" 17
"E:/ouczbs/jianshu/EpicSurvivalGameSeries/SurvivalGame/Content/AI/Zombie/ThirdPersonAnimBlueprint.uasset" 18
"E:/ouczbs/jianshu/EpicSurvivalGameSeries/SurvivalGame/Content/AI/Zombie/Animations/Zombie_MeleeStrike.uasset" 19
"E:/ouczbs/jianshu/EpicSurvivalGameSeries/SurvivalGame/Content/AI/Zombie/Animations/Zombie_MeleeStrike_Montage.uasset" 20
"E:/ouczbs/jianshu/EpicSurvivalGameSeries/SurvivalGame/Content/AI/NewZombieBlackboard.uasset" 21
"E:/ouczbs/jianshu/EpicSurvivalGameSeries/SurvivalGame/Content/AI/Task_AttackMelee.uasset" 22
"E:/ouczbs/jianshu/EpicSurvivalGameSeries/SurvivalGame/Content/AI/NewZombieBT.uasset" 23
"E:/ouczbs/jianshu/EpicSurvivalGameSeries/SurvivalGame/Content/AI/ZombieBT.uasset" 24
"E:/ouczbs/jianshu/EpicSurvivalGameSeries/SurvivalGame/Content/AI/ZombieBlackboard.uasset" 25
"E:/ouczbs/jianshu/EpicSurvivalGameSeries/SurvivalGame/Content/AI/ZombieController.uasset" 26
"E:/ouczbs/jianshu/EpicSurvivalGameSeries/SurvivalGame/Content/Base/DmgType_ZombieMelee.uasset" 27
"../../../Engine/Content/Functions/Engine_MaterialFunctions02/Utility/BlendAngleCorrectedNormals.uasset" 28
"../../../Engine/Content/Functions/MaterialLayerFunctions/MatLayerBlend_NormalBlend.uasset" 29
"../../../Engine/Content/Functions/MaterialLayerFunctions/MatLayerBlend_Simple.uasset" 30
"E:/ouczbs/jianshu/EpicSurvivalGameSeries/SurvivalGame/Content/AI/Zombie/Materials/MaterialLayers/T_ML_Rubber_Blue_01_D.uasset" 31
"E:/ouczbs/jianshu/EpicSurvivalGameSeries/SurvivalGame/Content/AI/Zombie/Materials/MaterialLayers/T_ML_Rubber_Blue_01_N.uasset" 32
"E:/ouczbs/jianshu/EpicSurvivalGameSeries/SurvivalGame/Content/AI/Zombie/Materials/MaterialLayers/ML_GlossyBlack_Latex_UE4.uasset" 33
"E:/ouczbs/jianshu/EpicSurvivalGameSeries/SurvivalGame/Content/AI/Zombie/Materials/MaterialLayers/ML_Plastic_Shiny_Beige.uasset" 34
"E:/ouczbs/jianshu/EpicSurvivalGameSeries/SurvivalGame/Content/AI/Zombie/Materials/MaterialLayers/T_ML_Aluminum01.uasset" 35
"E:/ouczbs/jianshu/EpicSurvivalGameSeries/SurvivalGame/Content/AI/Zombie/Materials/MaterialLayers/T_ML_Aluminum01_N.uasset" 36
"E:/ouczbs/jianshu/EpicSurvivalGameSeries/SurvivalGame/Content/AI/Zombie/Materials/MaterialLayers/ML_SoftMetal_UE4.uasset" 37
"../../../Engine/Content/Functions/Engine_MaterialFunctions01/Gradient/LinearGradient.uasset" 38
"../../../Engine/Content/Functions/Engine_MaterialFunctions01/ImageAdjustment/3ColorBlend.uasset" 39
"../../../Engine/Content/EngineMaterials/BlendFunc_DefBase.uasset" 40
"../../../Engine/Content/EngineMaterials/BlendFunc_DefBlend.uasset" 41
"../../../Engine/Content/Functions/Engine_MaterialFunctions03/Blends/Blend_Overlay.uasset" 42
"E:/ouczbs/jianshu/EpicSurvivalGameSeries/SurvivalGame/Content/Environment/Textures/T_MacroVariation.uasset" 43
"E:/ouczbs/jianshu/EpicSurvivalGameSeries/SurvivalGame/Content/Environment/Textures/T_Metal_Rust_D.uasset" 44
"E:/ouczbs/jianshu/EpicSurvivalGameSeries/SurvivalGame/Content/AI/Zombie/Materials/MaterialLayers/ML_ZombieRust.uasset" 45
"E:/ouczbs/jianshu/EpicSurvivalGameSeries/SurvivalGame/Content/AI/Zombie/Textures/UE4_Mannequin__normals.uasset" 46
"E:/ouczbs/jianshu/EpicSurvivalGameSeries/SurvivalGame/Content/AI/Zombie/Textures/UE4_Mannequin_MAT_MASKA.uasset" 47
"E:/ouczbs/jianshu/EpicSurvivalGameSeries/SurvivalGame/Content/AI/Zombie/Materials/M_Zombie_Body.uasset" 48
"E:/ouczbs/jianshu/EpicSurvivalGameSeries/SurvivalGame/Content/AI/Zombie/Materials/MI_Zombie_Body.uasset" 49
"E:/ouczbs/jianshu/EpicSurvivalGameSeries/SurvivalGame/Content/AI/Zombie/Textures/UE4Man_Logo_N.uasset" 50
"E:/ouczbs/jianshu/EpicSurvivalGameSeries/SurvivalGame/Content/AI/Zombie/Materials/MI_Zombie_ChestLogo.uasset" 51
"E:/ouczbs/jianshu/EpicSurvivalGameSeries/SurvivalGame/Content/Base/PhysMat_ZombieBody.uasset" 52
"E:/ouczbs/jianshu/EpicSurvivalGameSeries/SurvivalGame/Content/Base/PhysMat_ZombieHead.uasset" 53
"E:/ouczbs/jianshu/EpicSurvivalGameSeries/SurvivalGame/Content/Base/PhysMat_ZombieLimb.uasset" 54
"E:/ouczbs/jianshu/EpicSurvivalGameSeries/SurvivalGame/Content/AI/Zombie/SK_Mannequin_PhysicsAsset.uasset" 55
"E:/ouczbs/jianshu/EpicSurvivalGameSeries/SurvivalGame/Content/AI/Zombie/SK_Mannequin.uasset" 56
"E:/ouczbs/jianshu/EpicSurvivalGameSeries/SurvivalGame/Content/Sound/Attenuation/Zombie_Att.uasset" 57
"E:/ouczbs/jianshu/EpicSurvivalGameSeries/SurvivalGame/Content/Sound/Zombie/Zombie_Vox_Attack_01.uasset" 58
"E:/ouczbs/jianshu/EpicSurvivalGameSeries/SurvivalGame/Content/Sound/Zombie/Zombie_Vox_Attack_02.uasset" 59
"E:/ouczbs/jianshu/EpicSurvivalGameSeries/SurvivalGame/Content/Sound/Zombie/Zombie_Vox_Attack_03.uasset" 60
"E:/ouczbs/jianshu/EpicSurvivalGameSeries/SurvivalGame/Content/Sound/Zombie/Zombie_Vox_Attack_Cue.uasset" 61
"E:/ouczbs/jianshu/EpicSurvivalGameSeries/SurvivalGame/Content/Sound/Zombie/Zombie_Vox_Death_01.uasset" 62
"E:/ouczbs/jianshu/EpicSurvivalGameSeries/SurvivalGame/Content/Sound/Zombie/Zombie_Vox_Death_02.uasset" 63
"E:/ouczbs/jianshu/EpicSurvivalGameSeries/SurvivalGame/Content/Sound/Zombie/Zombie_Vox_Death_03.uasset" 64
"E:/ouczbs/jianshu/EpicSurvivalGameSeries/SurvivalGame/Content/Sound/Zombie/Zombie_Vox_Death_Cue.uasset" 65
"E:/ouczbs/jianshu/EpicSurvivalGameSeries/SurvivalGame/Content/Sound/Zombie/Zombie_Vox_Detect_02.uasset" 66
"E:/ouczbs/jianshu/EpicSurvivalGameSeries/SurvivalGame/Content/Sound/Zombie/Zombie_Vox_Detect_03.uasset" 67
"E:/ouczbs/jianshu/EpicSurvivalGameSeries/SurvivalGame/Content/Sound/Zombie/Zombie_Vox_Detect_04.uasset" 68
"E:/ouczbs/jianshu/EpicSurvivalGameSeries/SurvivalGame/Content/Sound/Zombie/Zombie_Vox_Detect_Cue.uasset" 69
"E:/ouczbs/jianshu/EpicSurvivalGameSeries/SurvivalGame/Content/Sound/Zombie/Zombie_Vox_Hunting_01.uasset" 70
"E:/ouczbs/jianshu/EpicSurvivalGameSeries/SurvivalGame/Content/Sound/Zombie/Zombie_Vox_Hunting_02.uasset" 71
"E:/ouczbs/jianshu/EpicSurvivalGameSeries/SurvivalGame/Content/Sound/Zombie/Zombie_Vox_Hunting_03.uasset" 72
"E:/ouczbs/jianshu/EpicSurvivalGameSeries/SurvivalGame/Content/Sound/Zombie/Zombie_Vox_Hunting_04.uasset" 73
"E:/ouczbs/jianshu/EpicSurvivalGameSeries/SurvivalGame/Content/Sound/Zombie/Zombie_Vox_Hunting_Cue.uasset" 74
"E:/ouczbs/jianshu/EpicSurvivalGameSeries/SurvivalGame/Content/Sound/Zombie/Zombie_Vox_Hurt_01.uasset" 75
"E:/ouczbs/jianshu/EpicSurvivalGameSeries/SurvivalGame/Content/Sound/Zombie/Zombie_Vox_Hurt_02.uasset" 76
"E:/ouczbs/jianshu/EpicSurvivalGameSeries/SurvivalGame/Content/Sound/Zombie/Zombie_Vox_Hurt_03.uasset" 77
"E:/ouczbs/jianshu/EpicSurvivalGameSeries/SurvivalGame/Content/Sound/Zombie/Zombie_Vox_Hurt_Cue.uasset" 78
"E:/ouczbs/jianshu/EpicSurvivalGameSeries/SurvivalGame/Content/Sound/Zombie/Zombie_Vox_Idle_01.uasset" 79
"E:/ouczbs/jianshu/EpicSurvivalGameSeries/SurvivalGame/Content/Sound/Zombie/Zombie_Vox_Idle_02.uasset" 80
"E:/ouczbs/jianshu/EpicSurvivalGameSeries/SurvivalGame/Content/Sound/Zombie/Zombie_Vox_Idle_03.uasset" 81
"E:/ouczbs/jianshu/EpicSurvivalGameSeries/SurvivalGame/Content/Sound/Zombie/Zombie_Vox_Idle_04.uasset" 82
"E:/ouczbs/jianshu/EpicSurvivalGameSeries/SurvivalGame/Content/Sound/Zombie/Zombie_Vox_Idle_05.uasset" 83
"E:/ouczbs/jianshu/EpicSurvivalGameSeries/SurvivalGame/Content/Sound/Zombie/Zombie_Vox_Idle_Cue.uasset" 84
"E:/ouczbs/jianshu/EpicSurvivalGameSeries/SurvivalGame/Content/Sound/Zombie/Zombie_Vox_Wander_01.uasset" 85
"E:/ouczbs/jianshu/EpicSurvivalGameSeries/SurvivalGame/Content/Sound/Zombie/Zombie_Vox_Wander_02.uasset" 86
"E:/ouczbs/jianshu/EpicSurvivalGameSeries/SurvivalGame/Content/Sound/Zombie/Zombie_Vox_Wander_03.uasset" 87
"E:/ouczbs/jianshu/EpicSurvivalGameSeries/SurvivalGame/Content/Sound/Zombie/Zombie_Vox_Wander_04.uasset" 88
"E:/ouczbs/jianshu/EpicSurvivalGameSeries/SurvivalGame/Content/Sound/Zombie/Zombie_Vox_Wander_05.uasset" 89
"E:/ouczbs/jianshu/EpicSurvivalGameSeries/SurvivalGame/Content/Sound/Zombie/Zombie_Vox_Wander_06.uasset" 90
"E:/ouczbs/jianshu/EpicSurvivalGameSeries/SurvivalGame/Content/Sound/Zombie/Zombie_Vox_Wander_07.uasset" 91
"E:/ouczbs/jianshu/EpicSurvivalGameSeries/SurvivalGame/Content/Sound/Zombie/Zombie_Vox_Wander_08.uasset" 92
"E:/ouczbs/jianshu/EpicSurvivalGameSeries/SurvivalGame/Content/Sound/Zombie/Zombie_Vox_Wander_10.uasset" 93
"E:/ouczbs/jianshu/EpicSurvivalGameSeries/SurvivalGame/Content/Sound/Zombie/Zombie_Vox_Wander_11.uasset" 94
"E:/ouczbs/jianshu/EpicSurvivalGameSeries/SurvivalGame/Content/Sound/Zombie/Zombie_Vox_Wander_12.uasset" 95
"E:/ouczbs/jianshu/EpicSurvivalGameSeries/SurvivalGame/Content/Sound/Zombie/Zombie_Vox_Wander_13.uasset" 96
"E:/ouczbs/jianshu/EpicSurvivalGameSeries/SurvivalGame/Content/Sound/Zombie/Zombie_Vox_Wander_Cue.uasset" 97
"E:/ouczbs/jianshu/EpicSurvivalGameSeries/SurvivalGame/Content/AI/ZombieCharacter.uasset" 98
"E:/ouczbs/jianshu/EpicSurvivalGameSeries/SurvivalGame/Content/AnimStarterPack/UE4_Mannequin/Mesh/UE4_Mannequin_Skeleton.uasset" 99
"E:/ouczbs/jianshu/EpicSurvivalGameSeries/SurvivalGame/Content/AnimStarterPack/Animations/Idle_Rifle_Hip.uasset" 100
"E:/ouczbs/jianshu/EpicSurvivalGameSeries/SurvivalGame/Content/AnimStarterPack/AimOffsets/AimOffset_Hip_Center.uasset" 101
"E:/ouczbs/jianshu/EpicSurvivalGameSeries/SurvivalGame/Content/AnimStarterPack/AimOffsets/AimOffset_Hip_Down.uasset" 102
"E:/ouczbs/jianshu/EpicSurvivalGameSeries/SurvivalGame/Content/AnimStarterPack/AimOffsets/AimOffset_Hip_Up.uasset" 103
"E:/ouczbs/jianshu/EpicSurvivalGameSeries/SurvivalGame/Content/AnimStarterPack/AimOffset_Hip.uasset" 104
"E:/ouczbs/jianshu/EpicSurvivalGameSeries/SurvivalGame/Content/AnimStarterPack/Animations/Idle_Rifle_Ironsights.uasset" 105
"E:/ouczbs/jianshu/EpicSurvivalGameSeries/SurvivalGame/Content/AnimStarterPack/AimOffsets/AimOffset_Ironsight_Center.uasset" 106
"E:/ouczbs/jianshu/EpicSurvivalGameSeries/SurvivalGame/Content/AnimStarterPack/AimOffsets/AimOffset_Ironsight_Up.uasset" 107
"E:/ouczbs/jianshu/EpicSurvivalGameSeries/SurvivalGame/Content/AnimStarterPack/UE4_Mannequin/Mesh/AimOffset_Ironsight_Down.uasset" 108
"E:/ouczbs/jianshu/EpicSurvivalGameSeries/SurvivalGame/Content/AnimStarterPack/AimOffset_Ironsight.uasset" 109
"E:/ouczbs/jianshu/EpicSurvivalGameSeries/SurvivalGame/Content/AnimStarterPack/Animations/Crouch_to_Stand_Rifle_Hip.uasset" 110
"E:/ouczbs/jianshu/EpicSurvivalGameSeries/SurvivalGame/Content/AnimStarterPack/Animations/Fire_Rifle_Hip.uasset" 111
"E:/ouczbs/jianshu/EpicSurvivalGameSeries/SurvivalGame/Content/AnimStarterPack/Animations/Fire_Rifle_Ironsights.uasset" 112
"E:/ouczbs/jianshu/EpicSurvivalGameSeries/SurvivalGame/Content/AnimStarterPack/Animations/Idle_Rifle_Hip_Break1.uasset" 113
"E:/ouczbs/jianshu/EpicSurvivalGameSeries/SurvivalGame/Content/AnimStarterPack/Animations/Idle_Rifle_Hip_Break2.uasset" 114
"E:/ouczbs/jianshu/EpicSurvivalGameSeries/SurvivalGame/Content/Sound/Attenuation/Footstep_Att.uasset" 115
"E:/ouczbs/jianshu/EpicSurvivalGameSeries/SurvivalGame/Content/Sound/Footstep01.uasset" 116
"E:/ouczbs/jianshu/EpicSurvivalGameSeries/SurvivalGame/Content/Sound/Footstep02.uasset" 117
"E:/ouczbs/jianshu/EpicSurvivalGameSeries/SurvivalGame/Content/Sound/Footstep03.uasset" 118
"E:/ouczbs/jianshu/EpicSurvivalGameSeries/SurvivalGame/Content/Sound/Footstep04.uasset" 119
"E:/ouczbs/jianshu/EpicSurvivalGameSeries/SurvivalGame/Content/Sound/Footstep05.uasset" 120
"E:/ouczbs/jianshu/EpicSurvivalGameSeries/SurvivalGame/Content/Sound/Footstep06.uasset" 121
"E:/ouczbs/jianshu/EpicSurvivalGameSeries/SurvivalGame/Content/Sound/Footstep07.uasset" 122
"E:/ouczbs/jianshu/EpicSurvivalGameSeries/SurvivalGame/Content/Sound/Footstep08.uasset" 123
"E:/ouczbs/jianshu/EpicSurvivalGameSeries/SurvivalGame/Content/Sound/Footstep09.uasset" 124
"E:/ouczbs/jianshu/EpicSurvivalGameSeries/SurvivalGame/Content/Sound/Footstep_Dry_Cue.uasset" 125
"E:/ouczbs/jianshu/EpicSurvivalGameSeries/SurvivalGame/Content/AnimStarterPack/Animations/Jog_Lt_Rifle.uasset" 126
"E:/ouczbs/jianshu/EpicSurvivalGameSeries/SurvivalGame/Content/AnimStarterPack/Animations/Jump_From_Jog.uasset" 127
"E:/ouczbs/jianshu/EpicSurvivalGameSeries/SurvivalGame/Content/AnimStarterPack/Animations/Jump_From_Stand.uasset" 128
"E:/ouczbs/jianshu/EpicSurvivalGameSeries/SurvivalGame/Content/AnimStarterPack/Animations/Sprint_Fwd_Rifle.uasset" 129
"E:/ouczbs/jianshu/EpicSurvivalGameSeries/SurvivalGame/Content/AnimStarterPack/Animations/Stand_to_Crouch_Rifle_Hip.uasset" 130
"E:/ouczbs/jianshu/EpicSurvivalGameSeries/SurvivalGame/Content/AnimStarterPack/Animations/Crouch_Idle_Rifle_Ironsights.uasset" 131
"E:/ouczbs/jianshu/EpicSurvivalGameSeries/SurvivalGame/Content/AnimStarterPack/Animations/Crouch_Walk_Bwd_Rifle_Ironsights.uasset" 132
"E:/ouczbs/jianshu/EpicSurvivalGameSeries/SurvivalGame/Content/AnimStarterPack/Animations/Crouch_Walk_Fwd_Rifle_Ironsights.uasset" 133
"E:/ouczbs/jianshu/EpicSurvivalGameSeries/SurvivalGame/Content/AnimStarterPack/Animations/Crouch_Walk_Lt_Rifle_Ironsights.uasset" 134
"E:/ouczbs/jianshu/EpicSurvivalGameSeries/SurvivalGame/Content/AnimStarterPack/Animations/Crouch_Walk_Rt_Rifle_Ironsights.uasset" 135
"E:/ouczbs/jianshu/EpicSurvivalGameSeries/SurvivalGame/Content/AnimStarterPack/BS_Crouch_Targeting.uasset" 136
"E:/ouczbs/jianshu/EpicSurvivalGameSeries/SurvivalGame/Content/AnimStarterPack/Animations/Crouch_Idle_Rifle_Hip.uasset" 137
"E:/ouczbs/jianshu/EpicSurvivalGameSeries/SurvivalGame/Content/AnimStarterPack/Animations/Crouch_Walk_Bwd_Rifle_Hip.uasset" 138
"E:/ouczbs/jianshu/EpicSurvivalGameSeries/SurvivalGame/Content/AnimStarterPack/Animations/Crouch_Walk_Fwd_Rifle_Hip.uasset" 139
"E:/ouczbs/jianshu/EpicSurvivalGameSeries/SurvivalGame/Content/AnimStarterPack/Animations/Crouch_Walk_Lt_Rifle_Hip.uasset" 140
"E:/ouczbs/jianshu/EpicSurvivalGameSeries/SurvivalGame/Content/AnimStarterPack/Animations/Crouch_Walk_Rt_Rifle_Hip.uasset" 141
"E:/ouczbs/jianshu/EpicSurvivalGameSeries/SurvivalGame/Content/AnimStarterPack/BS_CrouchWalk.uasset" 142
"E:/ouczbs/jianshu/EpicSurvivalGameSeries/SurvivalGame/Content/AnimStarterPack/Animations/Jog_Bwd_Rifle.uasset" 143
"E:/ouczbs/jianshu/EpicSurvivalGameSeries/SurvivalGame/Content/AnimStarterPack/Animations/Jog_Fwd_Rifle.uasset" 144
"E:/ouczbs/jianshu/EpicSurvivalGameSeries/SurvivalGame/Content/AnimStarterPack/Animations/Jog_Rt_Rifle.uasset" 145
"E:/ouczbs/jianshu/EpicSurvivalGameSeries/SurvivalGame/Content/AnimStarterPack/BS_Jog.uasset" 146
"E:/ouczbs/jianshu/EpicSurvivalGameSeries/SurvivalGame/Content/AnimStarterPack/Animations/Walk_Bwd_Rifle_Ironsights.uasset" 147
"E:/ouczbs/jianshu/EpicSurvivalGameSeries/SurvivalGame/Content/AnimStarterPack/Animations/Walk_Fwd_Rifle_Ironsights.uasset" 148
"E:/ouczbs/jianshu/EpicSurvivalGameSeries/SurvivalGame/Content/AnimStarterPack/Animations/Walk_Lt_Rifle_Ironsights.uasset" 149
"E:/ouczbs/jianshu/EpicSurvivalGameSeries/SurvivalGame/Content/AnimStarterPack/Animations/Walk_Rt_Rifle_Ironsights.uasset" 150
"E:/ouczbs/jianshu/EpicSurvivalGameSeries/SurvivalGame/Content/AnimStarterPack/BS_Walk_Targeting.uasset" 151
"E:/ouczbs/jianshu/EpicSurvivalGameSeries/SurvivalGame/Content/AnimStarterPack/Player_AnimBP.uasset" 152
"E:/ouczbs/jianshu/EpicSurvivalGameSeries/SurvivalGame/Content/Base/DmgType_Hunger.uasset" 153
"E:/ouczbs/jianshu/EpicSurvivalGameSeries/SurvivalGame/Content/Player/CamShake_TakeDamage.uasset" 154
"../../../Engine/Content/Functions/MaterialLayerFunctions/MatLayerBlend_AO.uasset" 155
"E:/ouczbs/jianshu/EpicSurvivalGameSeries/SurvivalGame/Content/AnimStarterPack/UE4_Mannequin/Materials/MaterialLayers/T_ML_Rubber_Blue_01_D.uasset" 156
"E:/ouczbs/jianshu/EpicSurvivalGameSeries/SurvivalGame/Content/AnimStarterPack/UE4_Mannequin/Materials/MaterialLayers/T_ML_Rubber_Blue_01_N.uasset" 157
"E:/ouczbs/jianshu/EpicSurvivalGameSeries/SurvivalGame/Content/AnimStarterPack/UE4_Mannequin/Materials/MaterialLayers/ML_GlossyBlack_Latex_UE4.uasset" 158
"E:/ouczbs/jianshu/EpicSurvivalGameSeries/SurvivalGame/Content/AnimStarterPack/UE4_Mannequin/Materials/MaterialLayers/ML_Plastic_Shiny_Beige.uasset" 159
"E:/ouczbs/jianshu/EpicSurvivalGameSeries/SurvivalGame/Content/AnimStarterPack/UE4_Mannequin/Textures/UE4_LOGO_CARD.uasset" 160
"E:/ouczbs/jianshu/EpicSurvivalGameSeries/SurvivalGame/Content/AnimStarterPack/UE4_Mannequin/Materials/MaterialLayers/ML_Plastic_Shiny_Beige_LOGO.uasset" 161
"E:/ouczbs/jianshu/EpicSurvivalGameSeries/SurvivalGame/Content/AnimStarterPack/UE4_Mannequin/Materials/MaterialLayers/T_ML_Aluminum01.uasset" 162
"E:/ouczbs/jianshu/EpicSurvivalGameSeries/SurvivalGame/Content/AnimStarterPack/UE4_Mannequin/Materials/MaterialLayers/T_ML_Aluminum01_N.uasset" 163
"E:/ouczbs/jianshu/EpicSurvivalGameSeries/SurvivalGame/Content/AnimStarterPack/UE4_Mannequin/Materials/MaterialLayers/ML_SoftMetal_UE4.uasset" 164
"E:/ouczbs/jianshu/EpicSurvivalGameSeries/SurvivalGame/Content/AnimStarterPack/UE4_Mannequin/Textures/UE4_Mannequin__normals.uasset" 165
"E:/ouczbs/jianshu/EpicSurvivalGameSeries/SurvivalGame/Content/AnimStarterPack/UE4_Mannequin/Textures/UE4_Mannequin_MAT_MASKA.uasset" 166
"E:/ouczbs/jianshu/EpicSurvivalGameSeries/SurvivalGame/Content/AnimStarterPack/UE4_Mannequin/Textures/UE4_Mannequin_occlusion_Mobile.uasset" 167
"E:/ouczbs/jianshu/EpicSurvivalGameSeries/SurvivalGame/Content/AnimStarterPack/UE4_Mannequin/Materials/M_UE4Man_Body.uasset" 168
"E:/ouczbs/jianshu/EpicSurvivalGameSeries/SurvivalGame/Content/AnimStarterPack/UE4_Mannequin/Textures/UE4Man_Logo_N.uasset" 169
"E:/ouczbs/jianshu/EpicSurvivalGameSeries/SurvivalGame/Content/AnimStarterPack/UE4_Mannequin/Materials/M_UE4Man_ChestLogo.uasset" 170
"E:/ouczbs/jianshu/EpicSurvivalGameSeries/SurvivalGame/Content/Base/PhysMat_PlayerBody.uasset" 171
"E:/ouczbs/jianshu/EpicSurvivalGameSeries/SurvivalGame/Content/AnimStarterPack/UE4_Mannequin/Mesh/SK_Mannequin_PhysicsAsset.uasset" 172
"E:/ouczbs/jianshu/EpicSurvivalGameSeries/SurvivalGame/Content/AnimStarterPack/UE4_Mannequin/Mesh/SK_Mannequin.uasset" 173
"E:/ouczbs/jianshu/EpicSurvivalGameSeries/SurvivalGame/Content/Sound/Player/Player_Death_01.uasset" 174
"E:/ouczbs/jianshu/EpicSurvivalGameSeries/SurvivalGame/Content/Sound/Player/Player_Death_02.uasset" 175
"E:/ouczbs/jianshu/EpicSurvivalGameSeries/SurvivalGame/Content/Sound/Player/Player_Death_03.uasset" 176
"E:/ouczbs/jianshu/EpicSurvivalGameSeries/SurvivalGame/Content/Sound/Player/Player_Death_04.uasset" 177
"E:/ouczbs/jianshu/EpicSurvivalGameSeries/SurvivalGame/Content/Sound/Player/Player_Death_05.uasset" 178
"E:/ouczbs/jianshu/EpicSurvivalGameSeries/SurvivalGame/Content/Sound/Player/Player_Death_06.uasset" 179
"E:/ouczbs/jianshu/EpicSurvivalGameSeries/SurvivalGame/Content/Sound/Player/Player_Death_Cue.uasset" 180
"E:/ouczbs/jianshu/EpicSurvivalGameSeries/SurvivalGame/Content/Sound/Attenuation/PlayerVocal_Att.uasset" 181
"E:/ouczbs/jianshu/EpicSurvivalGameSeries/SurvivalGame/Content/Sound/Player/Player_GetHit_01.uasset" 182
"E:/ouczbs/jianshu/EpicSurvivalGameSeries/SurvivalGame/Content/Sound/Player/Player_GetHit_02.uasset" 183
"E:/ouczbs/jianshu/EpicSurvivalGameSeries/SurvivalGame/Content/Sound/Player/Player_GetHit_03.uasset" 184
"E:/ouczbs/jianshu/EpicSurvivalGameSeries/SurvivalGame/Content/Sound/Player/Player_GetHit_04.uasset" 185
"E:/ouczbs/jianshu/EpicSurvivalGameSeries/SurvivalGame/Content/Sound/Player/Player_GetHit_05.uasset" 186
"E:/ouczbs/jianshu/EpicSurvivalGameSeries/SurvivalGame/Content/Sound/Player/Player_GetHit_06.uasset" 187
"E:/ouczbs/jianshu/EpicSurvivalGameSeries/SurvivalGame/Content/Sound/Player/Player_GetHit_07.uasset" 188
"E:/ouczbs/jianshu/EpicSurvivalGameSeries/SurvivalGame/Content/Sound/Player/Player_GetHit_08.uasset" 189
"E:/ouczbs/jianshu/EpicSurvivalGameSeries/SurvivalGame/Content/Sound/Player/Player_GetHit_09.uasset" 190
"E:/ouczbs/jianshu/EpicSurvivalGameSeries/SurvivalGame/Content/Sound/Player/Player_GetHit_Cue.uasset" 191
"E:/ouczbs/jianshu/EpicSurvivalGameSeries/SurvivalGame/Content/Player/PlayerPawn.uasset" 192
"../../../Engine/Content/EngineFonts/Faces/DroidSansFallback.uasset" 193
"../../../Engine/Content/EngineFonts/Faces/RobotoBold.uasset" 194
"../../../Engine/Content/EngineFonts/Faces/RobotoBoldItalic.uasset" 195
"../../../Engine/Content/EngineFonts/Faces/RobotoItalic.uasset" 196
"../../../Engine/Content/EngineFonts/Faces/RobotoLight.uasset" 197
"../../../Engine/Content/EngineFonts/Faces/RobotoRegular.uasset" 198
"../../../Engine/Content/EngineFonts/Roboto.uasset" 199
"E:/ouczbs/jianshu/EpicSurvivalGameSeries/SurvivalGame/Content/UI/HUD/Widget_EndGameScreen.uasset" 200
"E:/ouczbs/jianshu/EpicSurvivalGameSeries/SurvivalGame/Content/UI/HUD/Chat/ChatItem_Default.uasset" 201
"E:/ouczbs/jianshu/EpicSurvivalGameSeries/SurvivalGame/Content/UI/HUD/Chat/WBP_Chat.uasset" 202
"E:/ouczbs/jianshu/EpicSurvivalGameSeries/SurvivalGame/Content/UI/HUD/PlayerList/WBP_PlayerList_Item.uasset" 203
"E:/ouczbs/jianshu/EpicSurvivalGameSeries/SurvivalGame/Content/UI/HUD/PlayerList/WBP_PlayerList.uasset" 204
"E:/ouczbs/jianshu/EpicSurvivalGameSeries/SurvivalGame/Content/UI/HUD/Widget_AmmoCount.uasset" 205
"E:/ouczbs/jianshu/EpicSurvivalGameSeries/SurvivalGame/Content/UI/HUD/Widget_MessageStream.uasset" 206
"E:/ouczbs/jianshu/EpicSurvivalGameSeries/SurvivalGame/Content/UI/HUD/Widget_NetInfo.uasset" 207
"../../../Engine/Content/Functions/Engine_MaterialFunctions02/Utility/BreakOutFloat2Components.uasset" 208
"E:/ouczbs/jianshu/EpicSurvivalGameSeries/SurvivalGame/Content/UI/HUD/T_HealthBar_RoundedTile.uasset" 209
"E:/ouczbs/jianshu/EpicSurvivalGameSeries/SurvivalGame/Content/UI/HUD/M_HealthBar.uasset" 210
"E:/ouczbs/jianshu/EpicSurvivalGameSeries/SurvivalGame/Content/UI/HUD/Widget_PlayerHealth.uasset" 211
"../../../Engine/Content/Functions/Engine_MaterialFunctions01/Density/ExponentialDensity.uasset" 212
"../../../Engine/Content/Functions/Engine_MaterialFunctions01/Gradient/RadialGradientExponential.uasset" 213
"../../../Engine/Content/Functions/Engine_MaterialFunctions02/Texturing/CustomRotator.uasset" 214
"../../../Engine/Content/Functions/Engine_MaterialFunctions02/Utility/VectorToRadialValue.uasset" 215
"E:/ouczbs/jianshu/EpicSurvivalGameSeries/SurvivalGame/Content/UI/HUD/MF_ProceduralCircle.uasset" 216
"E:/ouczbs/jianshu/EpicSurvivalGameSeries/SurvivalGame/Content/UI/HUD/M_ProgressCircle.uasset" 217
"E:/ouczbs/jianshu/EpicSurvivalGameSeries/SurvivalGame/Content/UI/HUD/MI_ProgressCircle.uasset" 218
"E:/ouczbs/jianshu/EpicSurvivalGameSeries/SurvivalGame/Content/UI/HUD/T_Hunger.uasset" 219
"E:/ouczbs/jianshu/EpicSurvivalGameSeries/SurvivalGame/Content/UI/HUD/T_Noise.uasset" 220
"E:/ouczbs/jianshu/EpicSurvivalGameSeries/SurvivalGame/Content/UI/HUD/Widget_PlayerResources.uasset" 221
"E:/ouczbs/jianshu/EpicSurvivalGameSeries/SurvivalGame/Content/UI/HUD/Widget_TimeOfDay.uasset" 222
"E:/ouczbs/jianshu/EpicSurvivalGameSeries/SurvivalGame/Content/UI/HUD/Widget_HUDLayout.uasset" 223
"E:/ouczbs/jianshu/EpicSurvivalGameSeries/SurvivalGame/Content/UI/HUD/Widget_SpectatorHUD.uasset" 224
"E:/ouczbs/jianshu/EpicSurvivalGameSeries/SurvivalGame/Content/UI/Menu/Widget_IngameMenu.uasset" 225
"E:/ouczbs/jianshu/EpicSurvivalGameSeries/SurvivalGame/Content/UI/ProjectOverviewWidget.uasset" 226
"E:/ouczbs/jianshu/EpicSurvivalGameSeries/SurvivalGame/Content/UI/SurvivalHUD.uasset" 227
"E:/ouczbs/jianshu/EpicSurvivalGameSeries/SurvivalGame/Content/AnimStarterPack/Animations/Equip_Rifle_Standing.uasset" 228
"E:/ouczbs/jianshu/EpicSurvivalGameSeries/SurvivalGame/Content/AnimStarterPack/Animations/Equip_Rifle_Standing_Montage.uasset" 229
"E:/ouczbs/jianshu/EpicSurvivalGameSeries/SurvivalGame/Content/AnimStarterPack/Animations/Reload_Rifle_Hip.uasset" 230
"E:/ouczbs/jianshu/EpicSurvivalGameSeries/SurvivalGame/Content/AnimStarterPack/Animations/Reload_Rifle_Hip_Montage.uasset" 231
"E:/ouczbs/jianshu/EpicSurvivalGameSeries/SurvivalGame/Content/Base/DmgType_InstantWeapon.uasset" 232
"E:/ouczbs/jianshu/EpicSurvivalGameSeries/SurvivalGame/Content/Weapons/Crosshairs/T_Crosshair_Horizontal_M.uasset" 233
"E:/ouczbs/jianshu/EpicSurvivalGameSeries/SurvivalGame/Content/Weapons/Crosshairs/T_Crosshair_Scanline_M.uasset" 234
"E:/ouczbs/jianshu/EpicSurvivalGameSeries/SurvivalGame/Content/Weapons/Crosshairs/M_Crosshairs_MultiHolo_Scanline.uasset" 235
"E:/ouczbs/jianshu/EpicSurvivalGameSeries/SurvivalGame/Content/Weapons/Materials/MagGun_01_N.uasset" 236
"E:/ouczbs/jianshu/EpicSurvivalGameSeries/SurvivalGame/Content/Weapons/Materials/M_Weapon01.uasset" 237
"E:/ouczbs/jianshu/EpicSurvivalGameSeries/SurvivalGame/Content/Weapons/Materials/MI_Rifle01.uasset" 238
"E:/ouczbs/jianshu/EpicSurvivalGameSeries/SurvivalGame/Content/Weapons/Materials/MagGun_02_N.uasset" 239
"E:/ouczbs/jianshu/EpicSurvivalGameSeries/SurvivalGame/Content/Weapons/Materials/MI_Rifle02.uasset" 240
"E:/ouczbs/jianshu/EpicSurvivalGameSeries/SurvivalGame/Content/Items/Meshes/SM_Rifle.uasset" 241
"E:/ouczbs/jianshu/EpicSurvivalGameSeries/SurvivalGame/Content/Items/RiflePickup.uasset" 242
"E:/ouczbs/jianshu/EpicSurvivalGameSeries/SurvivalGame/Content/Effects/Textures/Water/T_Distortion_01.uasset" 243
"E:/ouczbs/jianshu/EpicSurvivalGameSeries/SurvivalGame/Content/Effects/Textures/Weapon/T_bullet_hole_2.uasset" 244
"E:/ouczbs/jianshu/EpicSurvivalGameSeries/SurvivalGame/Content/Effects/Materials/Weapon/M_Impact_Decal.uasset" 245
"E:/ouczbs/jianshu/EpicSurvivalGameSeries/SurvivalGame/Content/Effects/Textures/LensFlare/Flare_02.uasset" 246
"E:/ouczbs/jianshu/EpicSurvivalGameSeries/SurvivalGame/Content/Effects/Materials/LensFlare/M_LensFlare_02.uasset" 247
"E:/ouczbs/jianshu/EpicSurvivalGameSeries/SurvivalGame/Content/Effects/Materials/Ramp/M_radial_ramp_soft.uasset" 248
"E:/ouczbs/jianshu/EpicSurvivalGameSeries/SurvivalGame/Content/Effects/Textures/Smoke/T_Clouds_01.uasset" 249
"E:/ouczbs/jianshu/EpicSurvivalGameSeries/SurvivalGame/Content/Effects/Textures/Smoke/T_SmokeBall_01_8_8.uasset" 250
"E:/ouczbs/jianshu/EpicSurvivalGameSeries/SurvivalGame/Content/Effects/Materials/Smoke/M_ImpactSmoke.uasset" 251
"E:/ouczbs/jianshu/EpicSurvivalGameSeries/SurvivalGame/Content/Effects/Textures/Water/T_Steam_02_Packed.uasset" 252
"E:/ouczbs/jianshu/EpicSurvivalGameSeries/SurvivalGame/Content/Effects/Materials/Smoke/M_MuzzleSmokeDetail_GPU.uasset" 253
"E:/ouczbs/jianshu/EpicSurvivalGameSeries/SurvivalGame/Content/Effects/Textures/Spark/T_SparkCore_2X2.uasset" 254
"E:/ouczbs/jianshu/EpicSurvivalGameSeries/SurvivalGame/Content/Effects/materials/spark/M_spark_subUV.uasset" 255
"E:/ouczbs/jianshu/EpicSurvivalGameSeries/SurvivalGame/Content/Effects/P_AssaultRifle_IH.uasset" 256
"E:/ouczbs/jianshu/EpicSurvivalGameSeries/SurvivalGame/Content/Effects/Textures/T_blood_various.uasset" 257
"E:/ouczbs/jianshu/EpicSurvivalGameSeries/SurvivalGame/Content/Effects/Textures/T_blood_various_N.uasset" 258
"E:/ouczbs/jianshu/EpicSurvivalGameSeries/SurvivalGame/Content/Effects/Materials/Gameplay/M_impact_splash_subUV.uasset" 259
"E:/ouczbs/jianshu/EpicSurvivalGameSeries/SurvivalGame/Content/Effects/P_body_bullet_impact.uasset" 260
"E:/ouczbs/jianshu/EpicSurvivalGameSeries/SurvivalGame/Content/Effects/P_ZombieBody_Bullet_Impact.uasset" 261
"E:/ouczbs/jianshu/EpicSurvivalGameSeries/SurvivalGame/Content/Sound/Attenuation/BodyMove_Att.uasset" 262
"E:/ouczbs/jianshu/EpicSurvivalGameSeries/SurvivalGame/Content/Sound/Swish_PunchSwing01.uasset" 263
"E:/ouczbs/jianshu/EpicSurvivalGameSeries/SurvivalGame/Content/Sound/Swish_PunchSwing02.uasset" 264
"E:/ouczbs/jianshu/EpicSurvivalGameSeries/SurvivalGame/Content/Sound/Swish_PunchSwing03.uasset" 265
"E:/ouczbs/jianshu/EpicSurvivalGameSeries/SurvivalGame/Content/Sound/Swish_PunchSwing04.uasset" 266
"E:/ouczbs/jianshu/EpicSurvivalGameSeries/SurvivalGame/Content/Sound/Swish_PunchSwing_Cue.uasset" 267
"E:/ouczbs/jianshu/EpicSurvivalGameSeries/SurvivalGame/Content/Weapons/RifleImpactEffects.uasset" 268
"E:/ouczbs/jianshu/EpicSurvivalGameSeries/SurvivalGame/Content/Effects/Textures/LensFlare/T_Lensflare_01.uasset" 269
"E:/ouczbs/jianshu/EpicSurvivalGameSeries/SurvivalGame/Content/Effects/Materials/LensFlare/M_Lensflare_01.uasset" 270
"../../../Engine/Content/Functions/Engine_MaterialFunctions01/Gradient/RadialGradient.uasset" 271
"E:/ouczbs/jianshu/EpicSurvivalGameSeries/SurvivalGame/Content/Effects/Materials/Ramp/M_SoftGradient_Muzzle.uasset" 272
"E:/ouczbs/jianshu/EpicSurvivalGameSeries/SurvivalGame/Content/Effects/Materials/Smoke/M_SmokeBall.uasset" 273
"E:/ouczbs/jianshu/EpicSurvivalGameSeries/SurvivalGame/Content/Effects/Textures/Weapon/T_muzzle_flashes.uasset" 274
"E:/ouczbs/jianshu/EpicSurvivalGameSeries/SurvivalGame/Content/Effects/Materials/Weapon/M_muzzle_flash_subUV.uasset" 275
"E:/ouczbs/jianshu/EpicSurvivalGameSeries/SurvivalGame/Content/Effects/Textures/Mask/T_SquareMaskTightEdge.uasset" 276
"E:/ouczbs/jianshu/EpicSurvivalGameSeries/SurvivalGame/Content/Effects/Textures/Noise/T_TileNoise.uasset" 277
"E:/ouczbs/jianshu/EpicSurvivalGameSeries/SurvivalGame/Content/Effects/Materials/Weapon/M_MuzzleGlow.uasset" 278
"E:/ouczbs/jianshu/EpicSurvivalGameSeries/SurvivalGame/Content/Effects/Meshes/Weapon/SM_MuzzleCone.uasset" 279
"E:/ouczbs/jianshu/EpicSurvivalGameSeries/SurvivalGame/Content/Effects/P_AssaultRifle_MF.uasset" 280
"E:/ouczbs/jianshu/EpicSurvivalGameSeries/SurvivalGame/Content/Sound/Weapons/Mono/Weapon_AssaultRifle_Swap01.uasset" 281
"E:/ouczbs/jianshu/EpicSurvivalGameSeries/SurvivalGame/Content/Sound/Weapons/Mono/Weapon_AssaultRifle_Swap02.uasset" 282
"E:/ouczbs/jianshu/EpicSurvivalGameSeries/SurvivalGame/Content/Sound/Weapons/Mono/Weapon_AssaultRifle_Swap03.uasset" 283
"E:/ouczbs/jianshu/EpicSurvivalGameSeries/SurvivalGame/Content/Sound/Weapons/AssaultRifle_Equip_Cue.uasset" 284
"E:/ouczbs/jianshu/EpicSurvivalGameSeries/SurvivalGame/Content/Sound/Weapons/Weapon_AssaultRifle_Reload.uasset" 285
"E:/ouczbs/jianshu/EpicSurvivalGameSeries/SurvivalGame/Content/Sound/Weapons/AssaultRifle_Reload_Cue.uasset" 286
"E:/ouczbs/jianshu/EpicSurvivalGameSeries/SurvivalGame/Content/Sound/Attenuation/Weapon_Att.uasset" 287
"E:/ouczbs/jianshu/EpicSurvivalGameSeries/SurvivalGame/Content/Sound/Weapons/SMG_Thompson/WPN_Thompson_Bullet_Eject_01.uasset" 288
"E:/ouczbs/jianshu/EpicSurvivalGameSeries/SurvivalGame/Content/Sound/Weapons/SMG_Thompson/WPN_Thompson_Bullet_Eject_02.uasset" 289
"E:/ouczbs/jianshu/EpicSurvivalGameSeries/SurvivalGame/Content/Sound/Weapons/SMG_Thompson/WPN_Thompson_Bullet_Eject_03.uasset" 290
"E:/ouczbs/jianshu/EpicSurvivalGameSeries/SurvivalGame/Content/Sound/Weapons/SMG_Thompson/WPN_Thompson_Bullet_Eject_04.uasset" 291
"E:/ouczbs/jianshu/EpicSurvivalGameSeries/SurvivalGame/Content/Sound/Weapons/SMG_Thompson/WPN_Thompson_Pin_01.uasset" 292
"E:/ouczbs/jianshu/EpicSurvivalGameSeries/SurvivalGame/Content/Sound/Weapons/SMG_Thompson/WPN_Thompson_Pin_02.uasset" 293
"E:/ouczbs/jianshu/EpicSurvivalGameSeries/SurvivalGame/Content/Sound/Weapons/SMG_Thompson/WPN_Thompson_Pin_03.uasset" 294
"E:/ouczbs/jianshu/EpicSurvivalGameSeries/SurvivalGame/Content/Sound/Weapons/SMG_Thompson/WPN_Thompson_Shot_01.uasset" 295
"E:/ouczbs/jianshu/EpicSurvivalGameSeries/SurvivalGame/Content/Sound/Weapons/SMG_Thompson/WPN_Thompson_Shot_02.uasset" 296
"E:/ouczbs/jianshu/EpicSurvivalGameSeries/SurvivalGame/Content/Sound/Weapons/SMG_Thompson/WPN_Thompson_Shot_03.uasset" 297
"E:/ouczbs/jianshu/EpicSurvivalGameSeries/SurvivalGame/Content/Sound/Weapons/SMG_Thompson/WPN_Thompson_Shot_04.uasset" 298
"E:/ouczbs/jianshu/EpicSurvivalGameSeries/SurvivalGame/Content/Sound/Weapons/SMG_Thompson/WPN_Thompson_Shot_05.uasset" 299
"E:/ouczbs/jianshu/EpicSurvivalGameSeries/SurvivalGame/Content/Sound/Weapons/SMG_Thompson/WPN_Thompson_Shot_06.uasset" 300
"E:/ouczbs/jianshu/EpicSurvivalGameSeries/SurvivalGame/Content/Sound/Weapons/SMG_Thompson/WPN_Thompson_Thud_01.uasset" 301
"E:/ouczbs/jianshu/EpicSurvivalGameSeries/SurvivalGame/Content/Sound/Weapons/SMG_Thompson/WPN_Thompson_Thud_02.uasset" 302
"E:/ouczbs/jianshu/EpicSurvivalGameSeries/SurvivalGame/Content/Sound/Weapons/SMG_Thompson/WPN_Thompson_Thud_03.uasset" 303
"E:/ouczbs/jianshu/EpicSurvivalGameSeries/SurvivalGame/Content/Sound/Weapons/SMG_Thompson/WPN_Thompson_Thud_04.uasset" 304
"E:/ouczbs/jianshu/EpicSurvivalGameSeries/SurvivalGame/Content/Sound/Weapons/SMG_Thompson/WPN_Thompson_Thud_05.uasset" 305
"E:/ouczbs/jianshu/EpicSurvivalGameSeries/SurvivalGame/Content/Sound/Weapons/SMG_Thompson/WPN_Thompson_Thud_06.uasset" 306
"E:/ouczbs/jianshu/EpicSurvivalGameSeries/SurvivalGame/Content/Sound/Weapons/SMG_Thompson/WPN_Thompson_Trigger_01.uasset" 307
"E:/ouczbs/jianshu/EpicSurvivalGameSeries/SurvivalGame/Content/Sound/Weapons/SMG_Thompson/WPN_Thompson_Trigger_02.uasset" 308
"E:/ouczbs/jianshu/EpicSurvivalGameSeries/SurvivalGame/Content/Sound/Weapons/SMG_Thompson/WPN_Thompson_Trigger_03.uasset" 309
"E:/ouczbs/jianshu/EpicSurvivalGameSeries/SurvivalGame/Content/Sound/Weapons/SMG_Thompson/WPN_Thompson_Trigger_04.uasset" 310
"E:/ouczbs/jianshu/EpicSurvivalGameSeries/SurvivalGame/Content/Sound/Weapons/SMG_Thompson/Cue_Thompson_Shot.uasset" 311
"E:/ouczbs/jianshu/EpicSurvivalGameSeries/SurvivalGame/Content/Weapons/M_RifleTracer_01.uasset" 312
"E:/ouczbs/jianshu/EpicSurvivalGameSeries/SurvivalGame/Content/Weapons/P_RifleTracer_01.uasset" 313
"E:/ouczbs/jianshu/EpicSurvivalGameSeries/SurvivalGame/Content/Weapons/SK_Rifle_Skeleton.uasset" 314
"E:/ouczbs/jianshu/EpicSurvivalGameSeries/SurvivalGame/Content/Weapons/SK_Rifle.uasset" 315
"E:/ouczbs/jianshu/EpicSurvivalGameSeries/SurvivalGame/Content/Weapons/AssaultRifle.uasset" 316
"E:/ouczbs/jianshu/EpicSurvivalGameSeries/SurvivalGame/Content/Items/Textures/T_FlashLight_AO.uasset" 317
"E:/ouczbs/jianshu/EpicSurvivalGameSeries/SurvivalGame/Content/Items/Textures/T_FlashLight_M.uasset" 318
"E:/ouczbs/jianshu/EpicSurvivalGameSeries/SurvivalGame/Content/Items/Textures/T_FlashLight_N.uasset" 319
"E:/ouczbs/jianshu/EpicSurvivalGameSeries/SurvivalGame/Content/Items/Materials/M_Flashlight_01.uasset" 320
"E:/ouczbs/jianshu/EpicSurvivalGameSeries/SurvivalGame/Content/Items/Materials/MI_FlashLight_Lit.uasset" 321
"E:/ouczbs/jianshu/EpicSurvivalGameSeries/SurvivalGame/Content/Items/Materials/MI_FlashLight_Unlit.uasset" 322
"E:/ouczbs/jianshu/EpicSurvivalGameSeries/SurvivalGame/Content/Items/Meshes/SM_FlashLight.uasset" 323
"E:/ouczbs/jianshu/EpicSurvivalGameSeries/SurvivalGame/Content/Items/FlashlightPickup.uasset" 324
"E:/ouczbs/jianshu/EpicSurvivalGameSeries/SurvivalGame/Content/Sound/Items/Flashlight_Toggle.uasset" 325
"E:/ouczbs/jianshu/EpicSurvivalGameSeries/SurvivalGame/Content/Sound/Items/Flashlight_Toggle_Cue.uasset" 326
"E:/ouczbs/jianshu/EpicSurvivalGameSeries/SurvivalGame/Content/Weapons/SK_FlashLight_PhysicsAsset.uasset" 327
"E:/ouczbs/jianshu/EpicSurvivalGameSeries/SurvivalGame/Content/Weapons/SK_FlashLight_Skeleton.uasset" 328
"E:/ouczbs/jianshu/EpicSurvivalGameSeries/SurvivalGame/Content/Weapons/SK_FlashLight.uasset" 329
"../../../Engine/Content/Functions/Engine_MaterialFunctions01/ImageAdjustment/CheapContrast.uasset" 330
"../../../Engine/Content/EngineMaterials/DefaultDiffuse.uasset" 331
"../../../Engine/Content/Functions/Engine_MaterialFunctions01/Texturing/WorldAlignedTexture.uasset" 332
"../../../Engine/Content/Functions/Engine_MaterialFunctions02/Fresnel_Function.uasset" 333
"../../../Engine/Content/Functions/Engine_MaterialFunctions02/Fresnel.uasset" 334
"../../../Engine/Content/Functions/Engine_MaterialFunctions03/Procedurals/ObjectSpaceFalloff.uasset" 335
"E:/ouczbs/jianshu/EpicSurvivalGameSeries/SurvivalGame/Content/Items/Textures/T_DustParticles_M.uasset" 336
"E:/ouczbs/jianshu/EpicSurvivalGameSeries/SurvivalGame/Content/Items/Materials/M_LightCone.uasset" 337
"E:/ouczbs/jianshu/EpicSurvivalGameSeries/SurvivalGame/Content/Items/Materials/MI_LightCone.uasset" 338
"E:/ouczbs/jianshu/EpicSurvivalGameSeries/SurvivalGame/Content/Weapons/SM_FlashLight_LightCone.uasset" 339
"E:/ouczbs/jianshu/EpicSurvivalGameSeries/SurvivalGame/Content/Weapons/FlashLight.uasset" 340
"E:/ouczbs/jianshu/EpicSurvivalGameSeries/SurvivalGame/Content/Base/SurvivalCoopGameModeSetup.uasset" 341
"E:/ouczbs/jianshu/EpicSurvivalGameSeries/SurvivalGame/Content/Sound/Ambient/Landscape_Birds.uasset" 342
"E:/ouczbs/jianshu/EpicSurvivalGameSeries/SurvivalGame/Content/Sound/Ambient/Landscape_WindAnimals01.uasset" 343
"E:/ouczbs/jianshu/EpicSurvivalGameSeries/SurvivalGame/Content/UI/Roboto_Font.uasset" 344
"E:/ouczbs/jianshu/EpicSurvivalGameSeries/SurvivalGame/Content/UI/HUD/M_ResourceBar_01.uasset" 345
"E:/ouczbs/jianshu/EpicSurvivalGameSeries/SurvivalGame/Content/UI/HUD/MI_ResourceBar_Health.uasset" 346
"E:/ouczbs/jianshu/EpicSurvivalGameSeries/SurvivalGame/Content/UI/HUD/MI_ResourceBar_Hunger.uasset" 347
"E:/ouczbs/jianshu/EpicSurvivalGameSeries/SurvivalGame/Content/UI/HUD/M_ResourceBar_Noise.uasset" 348
"E:/ouczbs/jianshu/EpicSurvivalGameSeries/SurvivalGame/Content/UI/HUD/T_CenterDot_M.uasset" 349
"../../../Engine/Content/Animation/DefaultAnimBoneCompressionSettings.uasset" 350
"../../../Engine/Content/Animation/DefaultAnimCurveCompressionSettings.uasset" 351
"../../../Engine/Content/Functions/Engine_MaterialFunctions01/Opacity/CameraDepthFade.uasset" 352
"../../../Engine/Content/EngineMaterials/T_Default_Material_Grid_M.uasset" 353
"../../../Engine/Content/EngineMaterials/T_Default_Material_Grid_N.uasset" 354
"../../../Engine/Content/EngineMaterials/WorldGridMaterial.uasset" 355
"../../../Engine/Content/ArtTools/RenderToTexture/Meshes/S_1_Unit_Plane.uasset" 356
"../../../Engine/Content/EngineMaterials/DefaultMaterial.uasset" 357
"../../../Engine/Content/BasicShapes/Cone.uasset" 358
"../../../Engine/Content/BasicShapes/Cube.uasset" 359
"../../../Engine/Content/BasicShapes/Cylinder.uasset" 360
"../../../Engine/Content/BasicShapes/Plane.uasset" 361
"../../../Engine/Content/BasicShapes/Sphere.uasset" 362
"../../../Engine/Content/EditorLandscapeResources/DataLayer.uasset" 363
"../../../Engine/Content/EditorMaterials/MAT_Groups_Toggle.uasset" 364
"../../../Engine/Content/EditorMaterials/MAT_Groups_Visibility.uasset" 365
"../../../Engine/Content/EditorMaterials/PreviewShadowIndicator.uasset" 366
"../../../Engine/Content/EditorMaterials/PreviewShadowIndicatorMaterial.uasset" 367
"../../../Engine/Content/EditorMaterials/MatineeGroups/MAT_ColorTrack.uasset" 368
"../../../Engine/Content/EditorMaterials/MatineeGroups/MAT_Groups_Anim.uasset" 369
"../../../Engine/Content/EditorMaterials/MatineeGroups/MAT_Groups_AudioMaster.uasset" 370
"../../../Engine/Content/EditorMaterials/MatineeGroups/MAT_Groups_Director.uasset" 371
"../../../Engine/Content/EditorMaterials/MatineeGroups/MAT_Groups_Event.uasset" 372
"../../../Engine/Content/EditorMaterials/MatineeGroups/MAT_Groups_Fade.uasset" 373
"../../../Engine/Content/EditorMaterials/MatineeGroups/MAT_Groups_Float.uasset" 374
"../../../Engine/Content/EditorMaterials/MatineeGroups/MAT_Groups_Move.uasset" 375
"../../../Engine/Content/EditorMaterials/MatineeGroups/MAT_Groups_Slomo.uasset" 376
"../../../Engine/Content/EditorMaterials/MatineeGroups/MAT_Groups_Sound.uasset" 377
"../../../Engine/Content/EditorMaterials/MatineeGroups/MAT_Groups_Vector.uasset" 378
"../../../Engine/Content/EditorMaterials/ParticleSystems/PSysThumbnail_NoImage.uasset" 379
"../../../Engine/Content/EditorMaterials/ParticleSystems/PSysThumbnail_OOD.uasset" 380
"../../../Engine/Content/EditorMaterials/Camera/CineMat.uasset" 381
"../../../Engine/Content/EditorMaterials/Camera/MI_CineMat_Rig.uasset" 382
"../../../Engine/Content/EditorMeshes/Camera/SM_CraneRig_Arm.uasset" 383
"../../../Engine/Content/EditorMeshes/Camera/SM_CraneRig_Base.uasset" 384
"../../../Engine/Content/EditorMeshes/Camera/SM_CraneRig_Body.uasset" 385
"../../../Engine/Content/EditorMeshes/Camera/SM_CraneRig_Mount.uasset" 386
"../../../Engine/Content/EditorMeshes/Camera/SM_RailRig_Mount.uasset" 387
"../../../Engine/Content/EditorMeshes/Camera/SM_RailRig_Track.uasset" 388
"../../../Engine/Content/EditorResources/BSPVertex.uasset" 389
"../../../Engine/Content/EditorResources/EmptyActor.uasset" 390
"../../../Engine/Content/EditorResources/S_Actor.uasset" 391
"../../../Engine/Content/EditorResources/S_Note.uasset" 392
"../../../Engine/Content/EditorResources/S_Solver.uasset" 393
"../../../Engine/Content/EditorResources/S_Trigger.uasset" 394
"../../../Engine/Content/EditorResources/AudioIcons/S_AudioComponent.uasset" 395
"../../../Engine/Content/EditorResources/LightIcons/S_LightError.uasset" 396
"../../../Engine/Content/EditorResources/SequenceRecorder/Countdown.uasset" 397
"../../../Engine/Content/EditorResources/SequenceRecorder/RecordingIndicator.uasset" 398
"../../../Engine/Content/EditorSounds/Notifications/CompileFailed.uasset" 399
"../../../Engine/Content/EditorSounds/Notifications/CompileFailed_Cue.uasset" 400
"../../../Engine/Content/EditorSounds/Notifications/CompileSuccess.uasset" 401
"../../../Engine/Content/EditorSounds/Notifications/CompileStart_Cue.uasset" 402
"../../../Engine/Content/EditorSounds/Notifications/CompileSuccess_Cue.uasset" 403
"../../../Engine/Content/EngineDamageTypes/DmgTypeBP_Environmental.uasset" 404
"../../../Engine/Content/EngineDebugMaterials/DebugEditorMaterial.uasset" 405
"../../../Engine/Content/EngineDebugMaterials/DebugMeshMaterial.uasset" 406
"../../../Engine/Content/EngineDebugMaterials/M_SimpleUnlitTranslucent.uasset" 407
"../../../Engine/Content/Functions/Engine_MaterialFunctions02/Utility/CameraDirectionVector.uasset" 408
"../../../Engine/Content/EngineDebugMaterials/VolumeToRender.uasset" 409
"../../../Engine/Content/EngineDebugMaterials/M_VolumeRenderSphereTracePP.uasset" 410
"../../../Engine/Content/EngineDebugMaterials/WireframeMaterial.uasset" 411
"../../../Engine/Content/EngineMaterials/BaseFlattenDiffuseMap.uasset" 412
"../../../Engine/Content/EngineMaterials/BaseFlattenEmissiveMap.uasset" 413
"../../../Engine/Content/EngineMaterials/BaseFlattenGrayscaleMap.uasset" 414
"../../../Engine/Content/EngineMaterials/BaseFlattenNormalMap.uasset" 415
"../../../Engine/Content/EngineMaterials/BaseFlattenMaterial.uasset" 416
"../../../Engine/Content/EngineMaterials/BlueNoise.uasset" 417
"../../../Engine/Content/EngineMaterials/DefaultBloomKernel.uasset" 418
"../../../Engine/Content/EngineMaterials/DefaultBokeh.uasset" 419
"../../../Engine/Content/EngineMaterials/DefaultDeferredDecalMaterial.uasset" 420
"../../../Engine/Content/EngineMaterials/DefaultLightFunctionMaterial.uasset" 421
"../../../Engine/Content/EngineMaterials/DefaultPostProcessMaterial.uasset" 422
"../../../Engine/Content/EngineFonts/RobotoDistanceField.uasset" 423
"../../../Engine/Content/EngineMaterials/DefaultTextMaterialOpaque.uasset" 424
"../../../Engine/Content/EngineMaterials/DefaultWhiteGrid.uasset" 425
"../../../Engine/Content/EngineMaterials/DefaultWhiteGrid_Low.uasset" 426
"../../../Engine/Content/EngineMaterials/EmissiveMeshMaterial.uasset" 427
"../../../Engine/Content/EngineMaterials/GizmoMaterial.uasset" 428
"../../../Engine/Content/EngineMaterials/Good64x64TilingNoiseHighFreq.uasset" 429
"../../../Engine/Content/EngineMaterials/MiniFont.uasset" 430
"../../../Engine/Content/EngineMaterials/InvalidLightmapSettings.uasset" 431
"../../../Engine/Content/EngineMaterials/M_InvalidLightmapSettings.uasset" 432
"../../../Engine/Content/Functions/Engine_MaterialFunctions02/WorldPositionOffset/CameraOffset.uasset" 433
"../../../Engine/Content/EngineMaterials/PhAT_JointLimitMaterial.uasset" 434
"../../../Engine/Content/EngineMaterials/PreintegratedSkinBRDF.uasset" 435
"../../../Engine/Content/EngineMaterials/RemoveSurfaceMaterial.uasset" 436
"../../../Engine/Content/EngineResources/WhiteSquareTexture.uasset" 437
"../../../Engine/Content/EngineMaterials/Widget3DPassThrough.uasset" 438
"../../../Engine/Content/EngineMaterials/Widget3DPassThrough_Masked.uasset" 439
"../../../Engine/Content/EngineMaterials/Widget3DPassThrough_Opaque.uasset" 440
"../../../Engine/Content/EngineMaterials/Widget3DPassThrough_Masked_OneSided.uasset" 441
"../../../Engine/Content/EngineMaterials/Widget3DPassThrough_Opaque_OneSided.uasset" 442
"../../../Engine/Content/EngineMaterials/Widget3DPassThrough_Translucent.uasset" 443
"../../../Engine/Content/EngineMaterials/Widget3DPassThrough_Translucent_OneSided.uasset" 444
"../../../Engine/Content/EngineMeshes/Cylinder.uasset" 445
"../../../Engine/Content/EngineMeshes/Sphere.uasset" 446
"../../../Engine/Content/EngineResources/Black.uasset" 447
"../../../Engine/Content/EngineResources/DefaultTexture.uasset" 448
"../../../Engine/Content/EngineResources/DefaultTextureCube.uasset" 449
"../../../Engine/Content/EngineResources/DefaultVolumeTexture2D.uasset" 450
"../../../Engine/Content/EngineResources/DefaultVolumeTexture.uasset" 451
"../../../Engine/Content/EngineResources/GradientTexture0.uasset" 452
"../../../Engine/Content/EngineSounds/Master.uasset" 453
"../../../Engine/Content/Functions/Engine_MaterialFunctions01/Shading/ConvertFromDiffSpec.uasset" 454
"../../../Engine/Content/Functions/Engine_MaterialFunctions01/Shading/PowerToRoughness.uasset" 455
"../../../Engine/Content/Maps/Templates/Thumbnails/Default.uasset" 456
"../../../Engine/Content/Maps/Templates/Thumbnails/TimeOfDay.uasset" 457
"../../../Engine/Content/Maps/Templates/Thumbnails/VR-Basic.uasset" 458
"../../../Engine/Content/MobileResources/T_MobileControls_texture.uasset" 459
"../../../Engine/Content/MobileResources/T_MobileMenu2.uasset" 460
"../../../Engine/Content/MobileResources/HUD/AnalogHat.uasset" 461
"../../../Engine/Content/MobileResources/HUD/VirtualJoystick_Background.uasset" 462
"../../../Engine/Content/MobileResources/HUD/VirtualJoystick_Thumb.uasset" 463
"../../../Engine/Content/MobileResources/HUD/DefaultVirtualJoysticks.uasset" 464
"../../../Engine/Content/MobileResources/HUD/LeftVirtualJoystickOnly.uasset" 465
"../../../Engine/Content/MobileResources/HUD/MobileHUDButton1_off.uasset" 466
"../../../Engine/Content/MobileResources/HUD/MobileHUDButton1_on.uasset" 467
"../../../Engine/Content/MobileResources/HUD/MobileHUDButton2_off.uasset" 468
"../../../Engine/Content/MobileResources/HUD/MobileHUDButton2_on.uasset" 469
"../../../Engine/Content/MobileResources/HUD/MobileHUDButton3.uasset" 470
"../../../Engine/Content/MobileResources/HUD/MobileHUDButtonFire.uasset" 471
"../../../Engine/Content/MobileResources/HUD/MobileHUDDirectionPad.uasset" 472
"../../../Engine/Content/MobileResources/HUD/MobileHUDDirectionPad2.uasset" 473
"../../../Engine/Content/MobileResources/HUD/MobileHUDDirectionPad3.uasset" 474
"../../../Engine/Content/MobileResources/HUD/MobileHUDDirectionStick.uasset" 475
"../../../Engine/Content/MobileResources/HUD/T_Castle_ThumbstickInner.uasset" 476
"../../../Engine/Content/MobileResources/HUD/T_Castle_ThumbstickOutter.uasset" 477
"../../../Engine/Content/Tutorial/ContentIntroCurve.uasset" 478
"../../../Engine/Content/Tutorial/Basics/LevelEditorAttract.uasset" 479
"../../../Engine/Content/VREditor/LaserPointer/VR_LaserPower_01.uasset" 480
"../../../Engine/Content/VREditor/TransformGizmo/TransformGizmoMaterial.uasset" 481
"../../../Engine/Content/VREditor/TransformGizmo/TranslucentTransformGizmoMaterial.uasset" 482
"../../../Engine/Content/VREditor/TransformGizmo/BoundingBoxCorner.uasset" 483
"../../../Engine/Content/VREditor/TransformGizmo/BoundingBoxEdge.uasset" 484
"../../../Engine/Content/VREditor/TransformGizmo/PlaneTranslationHandle.uasset" 485
"../../../Engine/Content/VREditor/TransformGizmo/Main.uasset" 486
"../../../Engine/Content/VREditor/TransformGizmo/Xray.uasset" 487
"../../../Engine/Content/VREditor/TransformGizmo/SM_Sequencer_Key.uasset" 488
"../../../Engine/Content/VREditor/TransformGizmo/SM_Sequencer_Node.uasset" 489
"../../Plugins/2D/Paper2D/Content/PlaceholderTextures/DummySpriteTexture.uasset" 490
"../../Plugins/2D/Paper2D/Content/DummySprite.uasset" 491
"../../Plugins/2D/Paper2D/Content/DefaultPaperTerrainMaterial.uasset" 492
"../../Plugins/2D/Paper2D/Content/DefaultSpriteMaterial.uasset" 493
"../../Plugins/2D/Paper2D/Content/MaskedUnlitSpriteMaterial.uasset" 494
"../../Plugins/2D/Paper2D/Content/OpaqueUnlitSpriteMaterial.uasset" 495
"../../Plugins/FX/Niagara/Content/Enums/ENiagaraBooleanLogicOps.uasset" 496
"../../Plugins/FX/Niagara/Content/Enums/ENiagaraCoordinateSpace.uasset" 497
"../../Plugins/FX/Niagara/Content/Enums/ENiagaraExpansionMode.uasset" 498
"../../Plugins/FX/Niagara/Content/Enums/ENiagaraOrientationAxis.uasset" 499
"../../Plugins/FX/Niagara/Content/Enums/ENiagaraRandomnessMode.uasset" 500
"../../../Engine/Content/Functions/Engine_MaterialFunctions02/Utility/BreakOutFloat4Components.uasset" 501
"../../../Engine/Content/Functions/Engine_MaterialFunctions02/Utility/MakeFloat2.uasset" 502
"../../../Engine/Content/Functions/Engine_MaterialFunctions02/Utility/MakeFloat3.uasset" 503
"../../Plugins/Runtime/Oculus/OculusVR/Content/Materials/OculusMR_ChromaKey.uasset" 504
"../../Plugins/Runtime/Oculus/OculusVR/Content/Materials/OculusMR_ChromaKey_Lit.uasset" 505
"../../Plugins/Runtime/Oculus/OculusVR/Content/Materials/OculusMR_OpaqueColoredMaterial.uasset" 506
"../../Plugins/Runtime/Oculus/OculusVR/Content/Materials/OculusMR_WhiteMaterial.uasset" 507
"E:/ouczbs/jianshu/EpicSurvivalGameSeries/SurvivalGame/Content/Agora/mutevideo.uasset" 508
"E:/ouczbs/jianshu/EpicSurvivalGameSeries/SurvivalGame/Content/Agora/video.uasset" 509
"E:/ouczbs/jianshu/EpicSurvivalGameSeries/SurvivalGame/Content/Agora/videoView.uasset" 510
"E:/ouczbs/jianshu/EpicSurvivalGameSeries/SurvivalGame/Content/Agora/AgoraActor.uasset" 511
"E:/ouczbs/jianshu/EpicSurvivalGameSeries/SurvivalGame/Content/Environment/Skylight_TimeOfDayIntensity.uasset" 512
"E:/ouczbs/jianshu/EpicSurvivalGameSeries/SurvivalGame/Content/Environment/Skylight_TimeOfDayColor.uasset" 513
"E:/ouczbs/jianshu/EpicSurvivalGameSeries/SurvivalGame/Content/Sound/Ambient/A_Birds.uasset" 514
"E:/ouczbs/jianshu/EpicSurvivalGameSeries/SurvivalGame/Content/Sound/Ambient/ambient_summer.uasset" 515
"E:/ouczbs/jianshu/EpicSurvivalGameSeries/SurvivalGame/Content/Sound/Ambient/ambient_summer_Cue.uasset" 516
"E:/ouczbs/jianshu/EpicSurvivalGameSeries/SurvivalGame/Content/Sound/Gameplay/Gamestate_NightEnded.uasset" 517
"E:/ouczbs/jianshu/EpicSurvivalGameSeries/SurvivalGame/Content/Sound/Gameplay/Gamestate_NightEnded_Cue.uasset" 518
"E:/ouczbs/jianshu/EpicSurvivalGameSeries/SurvivalGame/Content/Sound/Gameplay/Gamestate_NightStarted.uasset" 519
"E:/ouczbs/jianshu/EpicSurvivalGameSeries/SurvivalGame/Content/Sound/Gameplay/Gamestate_NightStarted_Cue.uasset" 520
"E:/ouczbs/jianshu/EpicSurvivalGameSeries/SurvivalGame/Content/Base/BP_TimeOfDayManager.uasset" 521
"E:/ouczbs/jianshu/EpicSurvivalGameSeries/SurvivalGame/Content/Effects/Materials/M_radial_ramp.uasset" 522
"E:/ouczbs/jianshu/EpicSurvivalGameSeries/SurvivalGame/Content/Effects/Textures/T_Smoke_Tiled_D.uasset" 523
"E:/ouczbs/jianshu/EpicSurvivalGameSeries/SurvivalGame/Content/Effects/Textures/T_SmokeSubUV_8X8.uasset" 524
"E:/ouczbs/jianshu/EpicSurvivalGameSeries/SurvivalGame/Content/Effects/Materials/M_smoke_subUV.uasset" 525
"E:/ouczbs/jianshu/EpicSurvivalGameSeries/SurvivalGame/Content/Effects/Textures/T_Spark_Core.uasset" 526
"E:/ouczbs/jianshu/EpicSurvivalGameSeries/SurvivalGame/Content/Effects/Materials/M_Spark_Basic.uasset" 527
"E:/ouczbs/jianshu/EpicSurvivalGameSeries/SurvivalGame/Content/Effects/P_Bomb_Fuse.uasset" 528
"E:/ouczbs/jianshu/EpicSurvivalGameSeries/SurvivalGame/Content/Effects/Textures/T_explo_SubUV.uasset" 529
"E:/ouczbs/jianshu/EpicSurvivalGameSeries/SurvivalGame/Content/Effects/Materials/M_explosion_subUV.uasset" 530
"E:/ouczbs/jianshu/EpicSurvivalGameSeries/SurvivalGame/Content/Effects/P_Explosion_Large.uasset" 531
"E:/ouczbs/jianshu/EpicSurvivalGameSeries/SurvivalGame/Content/Base/MF_MaterialHighlight.uasset" 532
"E:/ouczbs/jianshu/EpicSurvivalGameSeries/SurvivalGame/Content/Items/Materials/M_Black_Metal.uasset" 533
"E:/ouczbs/jianshu/EpicSurvivalGameSeries/SurvivalGame/Content/Items/Materials/M_Bomb_Fuse.uasset" 534
"E:/ouczbs/jianshu/EpicSurvivalGameSeries/SurvivalGame/Content/Items/Meshes/SM_Bomb.uasset" 535
"E:/ouczbs/jianshu/EpicSurvivalGameSeries/SurvivalGame/Content/Sound/Explosion01.uasset" 536
"E:/ouczbs/jianshu/EpicSurvivalGameSeries/SurvivalGame/Content/Sound/Explosion02.uasset" 537
"E:/ouczbs/jianshu/EpicSurvivalGameSeries/SurvivalGame/Content/Sound/Explosion_Cue.uasset" 538
"E:/ouczbs/jianshu/EpicSurvivalGameSeries/SurvivalGame/Content/Sound/Fire_Sparks01.uasset" 539
"E:/ouczbs/jianshu/EpicSurvivalGameSeries/SurvivalGame/Content/Sound/Fire_Sparks_Cue.uasset" 540
"E:/ouczbs/jianshu/EpicSurvivalGameSeries/SurvivalGame/Content/Sound/Attenuation/ObjectImpact_Att.uasset" 541
"E:/ouczbs/jianshu/EpicSurvivalGameSeries/SurvivalGame/Content/Sound/Items/Bomb_Impact_01.uasset" 542
"E:/ouczbs/jianshu/EpicSurvivalGameSeries/SurvivalGame/Content/Sound/Items/Bomb_Impact_02.uasset" 543
"E:/ouczbs/jianshu/EpicSurvivalGameSeries/SurvivalGame/Content/Sound/Items/Bomb_Impact_03.uasset" 544
"E:/ouczbs/jianshu/EpicSurvivalGameSeries/SurvivalGame/Content/Sound/Items/Bomb_Impact_04.uasset" 545
"E:/ouczbs/jianshu/EpicSurvivalGameSeries/SurvivalGame/Content/Sound/Items/Bomb_Impact_Cue.uasset" 546
"E:/ouczbs/jianshu/EpicSurvivalGameSeries/SurvivalGame/Content/Items/ClassicBomb.uasset" 547
"E:/ouczbs/jianshu/EpicSurvivalGameSeries/SurvivalGame/Content/Environment/Textures/Enviro_assets_01_M.uasset" 548
"E:/ouczbs/jianshu/EpicSurvivalGameSeries/SurvivalGame/Content/Environment/Textures/T_Enviro_assets_01_D.uasset" 549
"E:/ouczbs/jianshu/EpicSurvivalGameSeries/SurvivalGame/Content/Environment/Textures/T_Enviro_assets_01_N.uasset" 550
"E:/ouczbs/jianshu/EpicSurvivalGameSeries/SurvivalGame/Content/Environment/Materials/M_LightPole_01.uasset" 551
"E:/ouczbs/jianshu/EpicSurvivalGameSeries/SurvivalGame/Content/Environment/Materials/MI_LightPole_01.uasset" 552
"../../../Engine/Content/EngineLightProfiles/180Degree_IES.uasset" 553
"E:/ouczbs/jianshu/EpicSurvivalGameSeries/SurvivalGame/Content/Environment/Meshes/SM_Lights_01.uasset" 554
"E:/ouczbs/jianshu/EpicSurvivalGameSeries/SurvivalGame/Content/Environment/LightPole.uasset" 555
"E:/ouczbs/jianshu/EpicSurvivalGameSeries/SurvivalGame/Content/Items/Textures/T_Cupcake.uasset" 556
"E:/ouczbs/jianshu/EpicSurvivalGameSeries/SurvivalGame/Content/Items/Materials/M_Pickup_Cupcake.uasset" 557
"E:/ouczbs/jianshu/EpicSurvivalGameSeries/SurvivalGame/Content/Items/Materials/M_DemoWall.uasset" 558
"E:/ouczbs/jianshu/EpicSurvivalGameSeries/SurvivalGame/Content/Items/Materials/M_DemoWall_Inst2.uasset" 559
"E:/ouczbs/jianshu/EpicSurvivalGameSeries/SurvivalGame/Content/Items/Materials/M_LightSculpture.uasset" 560
"E:/ouczbs/jianshu/EpicSurvivalGameSeries/SurvivalGame/Content/Items/Meshes/SM_Pickup_Cupcake.uasset" 561
"E:/ouczbs/jianshu/EpicSurvivalGameSeries/SurvivalGame/Content/Items/Cupcake.uasset" 562
"E:/ouczbs/jianshu/EpicSurvivalGameSeries/SurvivalGame/Content/Items/Textures/T_Barriers_01_D.uasset" 563
"E:/ouczbs/jianshu/EpicSurvivalGameSeries/SurvivalGame/Content/Items/Materials/M_Barriers_01.uasset" 564
"E:/ouczbs/jianshu/EpicSurvivalGameSeries/SurvivalGame/Content/Items/Meshes/SM_Barrier_02.uasset" 565
"E:/ouczbs/jianshu/EpicSurvivalGameSeries/SurvivalGame/Content/Sound/Items/Barrier_Hit_01.uasset" 566
"E:/ouczbs/jianshu/EpicSurvivalGameSeries/SurvivalGame/Content/Sound/Items/Barrier_Hit_02.uasset" 567
"E:/ouczbs/jianshu/EpicSurvivalGameSeries/SurvivalGame/Content/Sound/Items/Barrier_Hit_03.uasset" 568
"E:/ouczbs/jianshu/EpicSurvivalGameSeries/SurvivalGame/Content/Sound/Items/Barrier_Hit_04.uasset" 569
"E:/ouczbs/jianshu/EpicSurvivalGameSeries/SurvivalGame/Content/Sound/Items/Barrier_Hit_Cue.uasset" 570
"E:/ouczbs/jianshu/EpicSurvivalGameSeries/SurvivalGame/Content/Items/Movable_Barrier01.uasset" 571
"E:/ouczbs/jianshu/EpicSurvivalGameSeries/SurvivalGame/Content/Environment/Landscape/LayerInfoObject_Grass01.uasset" 572
"E:/ouczbs/jianshu/EpicSurvivalGameSeries/SurvivalGame/Content/Environment/Landscape/LayerInfoObject_RiverRocks.uasset" 573
"E:/ouczbs/jianshu/EpicSurvivalGameSeries/SurvivalGame/Content/Environment/Landscape/LayerInfoObject_Snow01.uasset" 574
"E:/ouczbs/jianshu/EpicSurvivalGameSeries/SurvivalGame/Content/Maps/CoopLandscape_Map_BuiltData.uasset" 575
"E:/ouczbs/jianshu/EpicSurvivalGameSeries/SurvivalGame/Content/Base/PP_OutlineCustomDepthOcclusion.uasset" 576
"E:/ouczbs/jianshu/EpicSurvivalGameSeries/SurvivalGame/Content/Base/PP_OutlineCustomDepthOcclusion_Inst.uasset" 577
"../../../Engine/Content/Functions/MaterialLayerFunctions/MatLayerBlend_Standard.uasset" 578
"../../../Engine/Content/EngineMaterials/T_Default_MacroVariation.uasset" 579
"E:/ouczbs/jianshu/EpicSurvivalGameSeries/SurvivalGame/Content/Environment/Material_Layers/ML_MacroVariation.uasset" 580
"E:/ouczbs/jianshu/EpicSurvivalGameSeries/SurvivalGame/Content/Environment/Textures/KiteDownsampled/T_Tile_PebblyRiverbank_D.uasset" 581
"E:/ouczbs/jianshu/EpicSurvivalGameSeries/SurvivalGame/Content/Environment/Textures/KiteDownsampled/T_Tile_PebblyRiverbank_N.uasset" 582
"E:/ouczbs/jianshu/EpicSurvivalGameSeries/SurvivalGame/Content/Environment/Material_Layers/ML_RiverRocks.uasset" 583
"../../../Engine/Content/Functions/Engine_MaterialFunctions02/Utility/BreakOutFloat3Components.uasset" 584
"E:/ouczbs/jianshu/EpicSurvivalGameSeries/SurvivalGame/Content/Environment/Materials/MF_RB_Land_TexCoords_01.uasset" 585
"E:/ouczbs/jianshu/EpicSurvivalGameSeries/SurvivalGame/Content/Environment/Materials/MF_CheapContrast.uasset" 586
"E:/ouczbs/jianshu/EpicSurvivalGameSeries/SurvivalGame/Content/Environment/Materials/MF_WorldAlignedTexture_Normal.uasset" 587
"E:/ouczbs/jianshu/EpicSurvivalGameSeries/SurvivalGame/Content/Environment/Textures/T_Canyon_Stripes_02.uasset" 588
"E:/ouczbs/jianshu/EpicSurvivalGameSeries/SurvivalGame/Content/Environment/Textures/T_RB_LS_Dirt_01_DispAlpha03.uasset" 589
"E:/ouczbs/jianshu/EpicSurvivalGameSeries/SurvivalGame/Content/Environment/Materials/MF_RB_Land_LayerSample_02.uasset" 590
"E:/ouczbs/jianshu/EpicSurvivalGameSeries/SurvivalGame/Content/Environment/Textures/T_GDC_Rocktest_01_N.uasset" 591
"E:/ouczbs/jianshu/EpicSurvivalGameSeries/SurvivalGame/Content/Environment/Materials/MF_RB_Land_TwoLayerBlend_02Grass.uasset" 592
"../../../Engine/Content/EngineMaterials/WeightMapPlaceholderTexture.uasset" 593
"E:/ouczbs/jianshu/EpicSurvivalGameSeries/SurvivalGame/Content/Environment/Textures/KiteDownsampled/T_Ground_Grass_N.uasset" 594
"E:/ouczbs/jianshu/EpicSurvivalGameSeries/SurvivalGame/Content/Environment/Textures/KiteDownsampled/T_GDC_Grass01_D_NoisyAlpha.uasset" 595
"E:/ouczbs/jianshu/EpicSurvivalGameSeries/SurvivalGame/Content/Environment/Textures/KiteDownsampled/T_ground_Moss_D.uasset" 596
"E:/ouczbs/jianshu/EpicSurvivalGameSeries/SurvivalGame/Content/Environment/Textures/T_Perlin_Noise_M.uasset" 597
"E:/ouczbs/jianshu/EpicSurvivalGameSeries/SurvivalGame/Content/Environment/Landscape/M_LandscapeExt_Master.uasset" 598
"E:/ouczbs/jianshu/EpicSurvivalGameSeries/SurvivalGame/Content/Environment/Landscape/MI_LandscapeExt_Inst.uasset" 599
"E:/ouczbs/jianshu/EpicSurvivalGameSeries/SurvivalGame/Content/Environment/Textures/T_Cliff_M.uasset" 600
"E:/ouczbs/jianshu/EpicSurvivalGameSeries/SurvivalGame/Content/Environment/Textures/T_FullGrass_D.uasset" 601
"E:/ouczbs/jianshu/EpicSurvivalGameSeries/SurvivalGame/Content/Environment/Textures/T_FullGrass_N.uasset" 602
"E:/ouczbs/jianshu/EpicSurvivalGameSeries/SurvivalGame/Content/Environment/Textures/T_LS_Dirt_01_N.uasset" 603
"E:/ouczbs/jianshu/EpicSurvivalGameSeries/SurvivalGame/Content/Environment/Materials/M_Rock_Snowy.uasset" 604
"E:/ouczbs/jianshu/EpicSurvivalGameSeries/SurvivalGame/Content/Environment/Materials/MI_Rock_Grassy_Inst.uasset" 605
"../../../Engine/Content/VREditor/BasicMeshes/T_CleanFloorGrunge_01_D.uasset" 606
"E:/ouczbs/jianshu/EpicSurvivalGameSeries/SurvivalGame/Content/Environment/M_BlockoutSimple.uasset" 607
"E:/ouczbs/jianshu/EpicSurvivalGameSeries/SurvivalGame/Content/Environment/MI_BlockoutSimple_Inst.uasset" 608
"../../../Engine/Content/EngineMaterials/DefaultPhysicalMaterial.uasset" 609
"E:/ouczbs/jianshu/EpicSurvivalGameSeries/SurvivalGame/Content/Environment/Materials/M_Basic_Floor.uasset" 610
"E:/ouczbs/jianshu/EpicSurvivalGameSeries/SurvivalGame/Content/Environment/Meshes/Floor_400x400.uasset" 611
"E:/ouczbs/jianshu/EpicSurvivalGameSeries/SurvivalGame/Content/Environment/Textures/T_CityWall_M.uasset" 612
"E:/ouczbs/jianshu/EpicSurvivalGameSeries/SurvivalGame/Content/Environment/Textures/T_CityWall_N.uasset" 613
"E:/ouczbs/jianshu/EpicSurvivalGameSeries/SurvivalGame/Content/Environment/Textures/T_COG_Base_Dirt.uasset" 614
"E:/ouczbs/jianshu/EpicSurvivalGameSeries/SurvivalGame/Content/Environment/Materials/M_AncientTowerSimple.uasset" 615
"E:/ouczbs/jianshu/EpicSurvivalGameSeries/SurvivalGame/Content/Environment/Materials/M_AncientTowerWoodSimple.uasset" 616
"E:/ouczbs/jianshu/EpicSurvivalGameSeries/SurvivalGame/Content/Environment/Meshes/SM_CityWall_Round.uasset" 617
"E:/ouczbs/jianshu/EpicSurvivalGameSeries/SurvivalGame/Content/Environment/Meshes/SM_Cliffs.uasset" 618
"E:/ouczbs/jianshu/EpicSurvivalGameSeries/SurvivalGame/Content/Environment/Meshes/SM_DoorFrame.uasset" 619
"E:/ouczbs/jianshu/EpicSurvivalGameSeries/SurvivalGame/Content/Environment/Meshes/SM_Hallway_Gate01.uasset" 620
"E:/ouczbs/jianshu/EpicSurvivalGameSeries/SurvivalGame/Content/Environment/Meshes/SM_Hallway_Tiles_Broken01.uasset" 621
"E:/ouczbs/jianshu/EpicSurvivalGameSeries/SurvivalGame/Content/Environment/Meshes/SM_Hallway_Tiles_Broken03.uasset" 622
"E:/ouczbs/jianshu/EpicSurvivalGameSeries/SurvivalGame/Content/Environment/Textures/T_Trashbag_N.uasset" 623
"E:/ouczbs/jianshu/EpicSurvivalGameSeries/SurvivalGame/Content/Environment/Materials/M_Trashbag.uasset" 624
"E:/ouczbs/jianshu/EpicSurvivalGameSeries/SurvivalGame/Content/Environment/Meshes/SM_Hallway_Trashbag.uasset" 625
"E:/ouczbs/jianshu/EpicSurvivalGameSeries/SurvivalGame/Content/Environment/Textures/T_Bark_D.uasset" 626
"E:/ouczbs/jianshu/EpicSurvivalGameSeries/SurvivalGame/Content/Environment/Textures/T_Bark_N.uasset" 627
"E:/ouczbs/jianshu/EpicSurvivalGameSeries/SurvivalGame/Content/Environment/Textures/T_BarkDetail_D.uasset" 628
"E:/ouczbs/jianshu/EpicSurvivalGameSeries/SurvivalGame/Content/Environment/Textures/T_BarkDetail_M.uasset" 629
"E:/ouczbs/jianshu/EpicSurvivalGameSeries/SurvivalGame/Content/Environment/Textures/T_BarkDetail_N.uasset" 630
"E:/ouczbs/jianshu/EpicSurvivalGameSeries/SurvivalGame/Content/Environment/Materials/M_PineTree_Bark.uasset" 631
"E:/ouczbs/jianshu/EpicSurvivalGameSeries/SurvivalGame/Content/Environment/Materials/M_PineTree_Bark_Inst.uasset" 632
"../../../Engine/Content/Functions/Engine_MaterialFunctions02/HueShift.uasset" 633
"E:/ouczbs/jianshu/EpicSurvivalGameSeries/SurvivalGame/Content/Environment/Textures/T_Falloff.uasset" 634
"E:/ouczbs/jianshu/EpicSurvivalGameSeries/SurvivalGame/Content/Environment/Textures/T_Pine_Branches_D.uasset" 635
"E:/ouczbs/jianshu/EpicSurvivalGameSeries/SurvivalGame/Content/Environment/Textures/T_Pine_Branches_N.uasset" 636
"E:/ouczbs/jianshu/EpicSurvivalGameSeries/SurvivalGame/Content/Environment/Materials/M_PineTree_Branch.uasset" 637
"E:/ouczbs/jianshu/EpicSurvivalGameSeries/SurvivalGame/Content/Environment/Materials/MI_PineTree_Branch_Inst.uasset" 638
"E:/ouczbs/jianshu/EpicSurvivalGameSeries/SurvivalGame/Content/Environment/Meshes/SM_PineTree.uasset" 639
"E:/ouczbs/jianshu/EpicSurvivalGameSeries/SurvivalGame/Content/Environment/Meshes/SM_RockGravel.uasset" 640
"E:/ouczbs/jianshu/EpicSurvivalGameSeries/SurvivalGame/Content/Environment/Meshes/SM_RockGravel_02.uasset" 641
"E:/ouczbs/jianshu/EpicSurvivalGameSeries/SurvivalGame/Content/Environment/Meshes/SM_RockGravel_Foliage.uasset" 642
"E:/ouczbs/jianshu/EpicSurvivalGameSeries/SurvivalGame/Content/Environment/Meshes/SM_Throne_Exterior_CoverB_2.uasset" 643
"E:/ouczbs/jianshu/EpicSurvivalGameSeries/SurvivalGame/Content/Environment/Meshes/SM_Throne_Exterior_CoverB_3.uasset" 644
"E:/ouczbs/jianshu/EpicSurvivalGameSeries/SurvivalGame/Content/Environment/Meshes/SM_Throne_Exterior_CoverBlo.uasset" 645
"E:/ouczbs/jianshu/EpicSurvivalGameSeries/SurvivalGame/Content/Environment/Meshes/SM_WindowFrame.uasset" 646
"E:/ouczbs/jianshu/EpicSurvivalGameSeries/SurvivalGame/Content/Environment/Meshes/SM_WoddenBeam1.uasset" 647
"E:/ouczbs/jianshu/EpicSurvivalGameSeries/SurvivalGame/Content/Environment/Meshes/SM_WoddenBeam3.uasset" 648
"E:/ouczbs/jianshu/EpicSurvivalGameSeries/SurvivalGame/Content/Environment/Materials/M_Basic_Wall.uasset" 649
"E:/ouczbs/jianshu/EpicSurvivalGameSeries/SurvivalGame/Content/Environment/Meshes/Wall_400x300.uasset" 650
"E:/ouczbs/jianshu/EpicSurvivalGameSeries/SurvivalGame/Content/Environment/Meshes/Wall_400x400.uasset" 651
"E:/ouczbs/jianshu/EpicSurvivalGameSeries/SurvivalGame/Content/Environment/Meshes/Wall_Door_400x300.uasset" 652
"E:/ouczbs/jianshu/EpicSurvivalGameSeries/SurvivalGame/Content/Environment/Meshes/Wall_Door_400x400.uasset" 653
"E:/ouczbs/jianshu/EpicSurvivalGameSeries/SurvivalGame/Content/Environment/Meshes/Wall_Window_400x400.uasset" 654
"E:/ouczbs/jianshu/EpicSurvivalGameSeries/SurvivalGame/Content/Items/Meshes/SM_Barrier_01.uasset" 655
"E:/ouczbs/jianshu/EpicSurvivalGameSeries/SurvivalGame/Content/Maps/CoopLandscape_Map.umap" 656
"E:/ouczbs/jianshu/EpicSurvivalGameSeries/SurvivalGame/Content/UI/Menu/Widget_MainMenu.uasset" 657
"E:/ouczbs/jianshu/EpicSurvivalGameSeries/SurvivalGame/Content/Maps/MainMenu_Entry.umap" 658
